[2020-11-09 23:35:03] errors.NOTICE: E_NOTICE: Undefined index: app {"code":8,"message":"Undefined index: app","file":"/home/galih/coding-tests/odeo/App/Lib/Logger.php","line":33} []
[2020-11-09 23:35:03] errors.NOTICE: E_NOTICE: Undefined index: app {"code":8,"message":"Undefined index: app","file":"/home/galih/coding-tests/odeo/App/Lib/Logger.php","line":33} []
[2020-11-09 23:35:03] errors.ERROR: Uncaught Exception Error: "Call to a member function info() on null" at /home/galih/coding-tests/odeo/index.php line 14 {"exception":"[object] (Error(code: 0): Call to a member function info() on null at /home/galih/coding-tests/odeo/index.php:14)"} []
[2020-11-09 23:35:03] errors.ERROR: Uncaught Exception Error: "Call to a member function info() on null" at /home/galih/coding-tests/odeo/index.php line 14 {"exception":"[object] (Error(code: 0): Call to a member function info() on null at /home/galih/coding-tests/odeo/index.php:14)"} []
[2020-11-09 23:35:17] errors.NOTICE: E_NOTICE: Undefined index: app {"code":8,"message":"Undefined index: app","file":"/home/galih/coding-tests/odeo/App/Lib/Logger.php","line":33} []
[2020-11-09 23:35:17] errors.NOTICE: E_NOTICE: Undefined index: app {"code":8,"message":"Undefined index: app","file":"/home/galih/coding-tests/odeo/App/Lib/Logger.php","line":33} []
[2020-11-09 23:35:17] errors.ERROR: Uncaught Exception Error: "Call to a member function info() on null" at /home/galih/coding-tests/odeo/index.php line 14 {"exception":"[object] (Error(code: 0): Call to a member function info() on null at /home/galih/coding-tests/odeo/index.php:14)"} []
[2020-11-09 23:35:17] errors.ERROR: Uncaught Exception Error: "Call to a member function info() on null" at /home/galih/coding-tests/odeo/index.php line 14 {"exception":"[object] (Error(code: 0): Call to a member function info() on null at /home/galih/coding-tests/odeo/index.php:14)"} []
[2020-11-09 23:37:22] errors.NOTICE: E_NOTICE: Undefined index: app {"code":8,"message":"Undefined index: app","file":"/home/galih/coding-tests/odeo/App/Lib/Logger.php","line":33} []
[2020-11-09 23:37:22] errors.NOTICE: E_NOTICE: Undefined index: app {"code":8,"message":"Undefined index: app","file":"/home/galih/coding-tests/odeo/App/Lib/Logger.php","line":33} []
[2020-11-09 23:37:22] errors.ERROR: Uncaught Exception Error: "Call to a member function info() on null" at /home/galih/coding-tests/odeo/index.php line 14 {"exception":"[object] (Error(code: 0): Call to a member function info() on null at /home/galih/coding-tests/odeo/index.php:14)"} []
[2020-11-09 23:37:22] errors.ERROR: Uncaught Exception Error: "Call to a member function info() on null" at /home/galih/coding-tests/odeo/index.php line 14 {"exception":"[object] (Error(code: 0): Call to a member function info() on null at /home/galih/coding-tests/odeo/index.php:14)"} []
[2020-11-10 02:04:05] errors.WARNING: E_WARNING: parse_ini_file(/home/galih/coding-tests/odeo/App/Lib/../.env): failed to open stream: No such file or directory {"code":2,"message":"parse_ini_file(/home/galih/coding-tests/odeo/App/Lib/../.env): failed to open stream: No such file or directory","file":"/home/galih/coding-tests/odeo/App/Lib/Database.php","line":13} []
[2020-11-10 02:04:05] errors.WARNING: E_WARNING: parse_ini_file(/home/galih/coding-tests/odeo/App/Lib/../.env): failed to open stream: No such file or directory {"code":2,"message":"parse_ini_file(/home/galih/coding-tests/odeo/App/Lib/../.env): failed to open stream: No such file or directory","file":"/home/galih/coding-tests/odeo/App/Lib/Database.php","line":13} []
[2020-11-11 22:50:12] errors.WARNING: E_WARNING: socket_read(): unable to read from socket [4]: Interrupted system call {"code":2,"message":"socket_read(): unable to read from socket [4]: Interrupted system call","file":"/home/galih/coding-tests/odeo/vendor/pda/pheanstalk/src/Socket/SocketSocket.php","line":119} []
[2020-11-11 22:50:12] errors.WARNING: E_WARNING: socket_read(): unable to read from socket [4]: Interrupted system call {"code":2,"message":"socket_read(): unable to read from socket [4]: Interrupted system call","file":"/home/galih/coding-tests/odeo/vendor/pda/pheanstalk/src/Socket/SocketSocket.php","line":119} []
[2020-11-11 22:50:20] errors.WARNING: E_WARNING: socket_read(): unable to read from socket [4]: Interrupted system call {"code":2,"message":"socket_read(): unable to read from socket [4]: Interrupted system call","file":"/home/galih/coding-tests/odeo/vendor/pda/pheanstalk/src/Socket/SocketSocket.php","line":119} []
[2020-11-11 22:50:20] errors.WARNING: E_WARNING: socket_read(): unable to read from socket [4]: Interrupted system call {"code":2,"message":"socket_read(): unable to read from socket [4]: Interrupted system call","file":"/home/galih/coding-tests/odeo/vendor/pda/pheanstalk/src/Socket/SocketSocket.php","line":119} []
[2020-11-11 22:50:21] errors.ERROR: Uncaught Exception Pheanstalk\Exception\SocketException: "Interrupted system call" at /home/galih/coding-tests/odeo/vendor/pda/pheanstalk/src/Socket/SocketSocket.php line 81 {"exception":"[object] (Pheanstalk\\Exception\\SocketException(code: 4): Interrupted system call at /home/galih/coding-tests/odeo/vendor/pda/pheanstalk/src/Socket/SocketSocket.php:81)"} []
[2020-11-11 22:50:21] errors.ERROR: Uncaught Exception Pheanstalk\Exception\SocketException: "Interrupted system call" at /home/galih/coding-tests/odeo/vendor/pda/pheanstalk/src/Socket/SocketSocket.php line 81 {"exception":"[object] (Pheanstalk\\Exception\\SocketException(code: 4): Interrupted system call at /home/galih/coding-tests/odeo/vendor/pda/pheanstalk/src/Socket/SocketSocket.php:81)"} []
[2020-11-11 22:54:50] errors.WARNING: E_WARNING: socket_read(): unable to read from socket [4]: Interrupted system call {"code":2,"message":"socket_read(): unable to read from socket [4]: Interrupted system call","file":"/home/galih/coding-tests/odeo/vendor/pda/pheanstalk/src/Socket/SocketSocket.php","line":119} []
[2020-11-11 22:54:50] errors.WARNING: E_WARNING: socket_read(): unable to read from socket [4]: Interrupted system call {"code":2,"message":"socket_read(): unable to read from socket [4]: Interrupted system call","file":"/home/galih/coding-tests/odeo/vendor/pda/pheanstalk/src/Socket/SocketSocket.php","line":119} []
[2020-11-11 22:54:51] errors.WARNING: E_WARNING: socket_read(): unable to read from socket [4]: Interrupted system call {"code":2,"message":"socket_read(): unable to read from socket [4]: Interrupted system call","file":"/home/galih/coding-tests/odeo/vendor/pda/pheanstalk/src/Socket/SocketSocket.php","line":119} []
[2020-11-11 22:54:51] errors.WARNING: E_WARNING: socket_read(): unable to read from socket [4]: Interrupted system call {"code":2,"message":"socket_read(): unable to read from socket [4]: Interrupted system call","file":"/home/galih/coding-tests/odeo/vendor/pda/pheanstalk/src/Socket/SocketSocket.php","line":119} []
[2020-11-11 22:54:51] errors.ERROR: Uncaught Exception Pheanstalk\Exception\SocketException: "Interrupted system call" at /home/galih/coding-tests/odeo/vendor/pda/pheanstalk/src/Socket/SocketSocket.php line 81 {"exception":"[object] (Pheanstalk\\Exception\\SocketException(code: 4): Interrupted system call at /home/galih/coding-tests/odeo/vendor/pda/pheanstalk/src/Socket/SocketSocket.php:81)"} []
[2020-11-11 22:54:51] errors.ERROR: Uncaught Exception Pheanstalk\Exception\SocketException: "Interrupted system call" at /home/galih/coding-tests/odeo/vendor/pda/pheanstalk/src/Socket/SocketSocket.php line 81 {"exception":"[object] (Pheanstalk\\Exception\\SocketException(code: 4): Interrupted system call at /home/galih/coding-tests/odeo/vendor/pda/pheanstalk/src/Socket/SocketSocket.php:81)"} []
